2023-04-10 21:59:24,093 INFO [background-preinit] org.hibernate.validator.internal.util.Version: HV000001: Hibernate Validator 8.0.0.Final
2023-04-10 21:59:24,176 INFO [restartedMain] org.springframework.boot.StartupInfoLogger: Starting AdopetApplication using Java 17.0.6 with PID 18408 (C:\Users\hugof\OneDrive\Documentos\projetos\java\adopet\target\classes started by hugof in C:\Users\hugof\OneDrive\Documentos\projetos\java\adopet)
2023-04-10 21:59:24,178 DEBUG [restartedMain] org.springframework.boot.StartupInfoLogger: Running with Spring Boot v3.0.5, Spring v6.0.7
2023-04-10 21:59:24,179 INFO [restartedMain] org.springframework.boot.SpringApplication: No active profile set, falling back to 1 default profile: "default"
2023-04-10 21:59:24,273 INFO [restartedMain] org.springframework.boot.logging.DeferredLog: Devtools property defaults active! Set 'spring.devtools.add-properties' to 'false' to disable
2023-04-10 21:59:24,274 INFO [restartedMain] org.springframework.boot.logging.DeferredLog: For additional web related logging consider setting the 'logging.level.web' property to 'DEBUG'
2023-04-10 21:59:25,236 INFO [restartedMain] org.springframework.data.repository.config.RepositoryConfigurationDelegate: Bootstrapping Spring Data JPA repositories in DEFAULT mode.
2023-04-10 21:59:25,324 INFO [restartedMain] org.springframework.data.repository.config.RepositoryConfigurationDelegate: Finished Spring Data repository scanning in 72 ms. Found 1 JPA repository interfaces.
2023-04-10 21:59:26,124 INFO [restartedMain] org.springframework.boot.web.embedded.tomcat.TomcatWebServer: Tomcat initialized with port(s): 8080 (http)
2023-04-10 21:59:26,138 INFO [restartedMain] org.apache.juli.logging.DirectJDKLog: Initializing ProtocolHandler ["http-nio-8080"]
2023-04-10 21:59:26,139 INFO [restartedMain] org.apache.juli.logging.DirectJDKLog: Starting service [Tomcat]
2023-04-10 21:59:26,140 INFO [restartedMain] org.apache.juli.logging.DirectJDKLog: Starting Servlet engine: [Apache Tomcat/10.1.7]
2023-04-10 21:59:26,228 INFO [restartedMain] org.apache.juli.logging.DirectJDKLog: Initializing Spring embedded WebApplicationContext
2023-04-10 21:59:26,228 INFO [restartedMain] org.springframework.boot.web.servlet.context.ServletWebServerApplicationContext: Root WebApplicationContext: initialization completed in 1953 ms
2023-04-10 21:59:26,455 INFO [restartedMain] org.flywaydb.core.internal.logging.slf4j.Slf4jLog: Flyway Community Edition 9.5.1 by Redgate
2023-04-10 21:59:26,456 INFO [restartedMain] org.flywaydb.core.internal.logging.slf4j.Slf4jLog: See what's new here: https://flywaydb.org/documentation/learnmore/releaseNotes#9.5.1
2023-04-10 21:59:26,456 INFO [restartedMain] org.flywaydb.core.internal.logging.slf4j.Slf4jLog: 
2023-04-10 21:59:26,469 INFO [restartedMain] com.zaxxer.hikari.HikariDataSource: HikariPool-1 - Starting...
2023-04-10 21:59:26,928 INFO [restartedMain] com.zaxxer.hikari.pool.HikariPool: HikariPool-1 - Added connection com.mysql.cj.jdbc.ConnectionImpl@67e2d044
2023-04-10 21:59:26,931 INFO [restartedMain] com.zaxxer.hikari.HikariDataSource: HikariPool-1 - Start completed.
2023-04-10 21:59:26,982 INFO [restartedMain] org.flywaydb.core.internal.logging.slf4j.Slf4jLog: Database: jdbc:mysql://localhost/adopet (MySQL 8.0)
2023-04-10 21:59:27,043 INFO [restartedMain] org.flywaydb.core.internal.logging.slf4j.Slf4jLog: Successfully validated 1 migration (execution time 00:00.023s)
2023-04-10 21:59:27,083 INFO [restartedMain] org.flywaydb.core.internal.logging.slf4j.Slf4jLog: Creating Schema History table `adopet`.`flyway_schema_history` ...
2023-04-10 21:59:27,171 INFO [restartedMain] org.flywaydb.core.internal.logging.slf4j.Slf4jLog: Current version of schema `adopet`: << Empty Schema >>
2023-04-10 21:59:27,184 INFO [restartedMain] org.flywaydb.core.internal.logging.slf4j.Slf4jLog: Migrating schema `adopet` to version "1 - create-table-tbl-tutor"
2023-04-10 21:59:27,253 INFO [restartedMain] org.flywaydb.core.internal.logging.slf4j.Slf4jLog: Successfully applied 1 migration to schema `adopet`, now at version v1 (execution time 00:00.092s)
2023-04-10 21:59:27,393 INFO [restartedMain] org.hibernate.jpa.internal.util.LogHelper: HHH000204: Processing PersistenceUnitInfo [name: default]
2023-04-10 21:59:27,500 INFO [restartedMain] org.hibernate.Version: HHH000412: Hibernate ORM core version 6.1.7.Final
2023-04-10 21:59:28,060 INFO [restartedMain] org.hibernate.engine.jdbc.dialect.internal.DialectFactoryImpl: HHH000400: Using dialect: org.hibernate.dialect.MySQLDialect
2023-04-10 21:59:29,410 INFO [restartedMain] org.hibernate.engine.transaction.jta.platform.internal.JtaPlatformInitiator: HHH000490: Using JtaPlatform implementation: [org.hibernate.engine.transaction.jta.platform.internal.NoJtaPlatform]
2023-04-10 21:59:29,428 INFO [restartedMain] org.springframework.orm.jpa.AbstractEntityManagerFactoryBean: Initialized JPA EntityManagerFactory for persistence unit 'default'
2023-04-10 21:59:29,872 WARN [restartedMain] org.springframework.context.support.AbstractApplicationContext: Exception encountered during context initialization - cancelling refresh attempt: org.springframework.beans.factory.UnsatisfiedDependencyException: Error creating bean with name 'tutorController' defined in file [C:\Users\hugof\OneDrive\Documentos\projetos\java\adopet\target\classes\com\example\adopet\api\controller\TutorController.class]: Unsatisfied dependency expressed through constructor parameter 0: Error creating bean with name 'tutorService' defined in file [C:\Users\hugof\OneDrive\Documentos\projetos\java\adopet\target\classes\com\example\adopet\api\services\TutorService.class]: Unsatisfied dependency expressed through constructor parameter 0: Error creating bean with name 'tutorRepository' defined in com.example.adopet.api.repositories.TutorRepository defined in @EnableJpaRepositories declared on JpaRepositoriesRegistrar.EnableJpaRepositoriesConfiguration: Could not create query for public abstract java.util.List com.example.adopet.api.repositories.TutorRepository.findAllByAtivoTrue(); Reason: Failed to create query for method public abstract java.util.List com.example.adopet.api.repositories.TutorRepository.findAllByAtivoTrue(); No property 'ativo' found for type 'Tutor'
2023-04-10 21:59:29,873 INFO [restartedMain] org.springframework.orm.jpa.AbstractEntityManagerFactoryBean: Closing JPA EntityManagerFactory for persistence unit 'default'
2023-04-10 21:59:29,878 INFO [restartedMain] com.zaxxer.hikari.HikariDataSource: HikariPool-1 - Shutdown initiated...
2023-04-10 21:59:29,886 INFO [restartedMain] com.zaxxer.hikari.HikariDataSource: HikariPool-1 - Shutdown completed.
2023-04-10 21:59:29,888 INFO [restartedMain] org.apache.juli.logging.DirectJDKLog: Stopping service [Tomcat]
2023-04-10 21:59:29,906 INFO [restartedMain] org.springframework.boot.autoconfigure.logging.ConditionEvaluationReportLogger: 

Error starting ApplicationContext. To display the condition evaluation report re-run your application with 'debug' enabled.
2023-04-10 21:59:29,936 ERROR [restartedMain] org.springframework.boot.SpringApplication: Application run failed
org.springframework.beans.factory.UnsatisfiedDependencyException: Error creating bean with name 'tutorController' defined in file [C:\Users\hugof\OneDrive\Documentos\projetos\java\adopet\target\classes\com\example\adopet\api\controller\TutorController.class]: Unsatisfied dependency expressed through constructor parameter 0: Error creating bean with name 'tutorService' defined in file [C:\Users\hugof\OneDrive\Documentos\projetos\java\adopet\target\classes\com\example\adopet\api\services\TutorService.class]: Unsatisfied dependency expressed through constructor parameter 0: Error creating bean with name 'tutorRepository' defined in com.example.adopet.api.repositories.TutorRepository defined in @EnableJpaRepositories declared on JpaRepositoriesRegistrar.EnableJpaRepositoriesConfiguration: Could not create query for public abstract java.util.List com.example.adopet.api.repositories.TutorRepository.findAllByAtivoTrue(); Reason: Failed to create query for method public abstract java.util.List com.example.adopet.api.repositories.TutorRepository.findAllByAtivoTrue(); No property 'ativo' found for type 'Tutor'
	at org.springframework.beans.factory.support.ConstructorResolver.createArgumentArray(ConstructorResolver.java:798)
	at org.springframework.beans.factory.support.ConstructorResolver.autowireConstructor(ConstructorResolver.java:245)
	at org.springframework.beans.factory.support.AbstractAutowireCapableBeanFactory.autowireConstructor(AbstractAutowireCapableBeanFactory.java:1352)
	at org.springframework.beans.factory.support.AbstractAutowireCapableBeanFactory.createBeanInstance(AbstractAutowireCapableBeanFactory.java:1189)
	at org.springframework.beans.factory.support.AbstractAutowireCapableBeanFactory.doCreateBean(AbstractAutowireCapableBeanFactory.java:560)
	at org.springframework.beans.factory.support.AbstractAutowireCapableBeanFactory.createBean(AbstractAutowireCapableBeanFactory.java:520)
	at org.springframework.beans.factory.support.AbstractBeanFactory.lambda$doGetBean$0(AbstractBeanFactory.java:326)
	at org.springframework.beans.factory.support.DefaultSingletonBeanRegistry.getSingleton(DefaultSingletonBeanRegistry.java:234)
	at org.springframework.beans.factory.support.AbstractBeanFactory.doGetBean(AbstractBeanFactory.java:324)
	at org.springframework.beans.factory.support.AbstractBeanFactory.getBean(AbstractBeanFactory.java:200)
	at org.springframework.beans.factory.support.DefaultListableBeanFactory.preInstantiateSingletons(DefaultListableBeanFactory.java:973)
	at org.springframework.context.support.AbstractApplicationContext.finishBeanFactoryInitialization(AbstractApplicationContext.java:917)
	at org.springframework.context.support.AbstractApplicationContext.refresh(AbstractApplicationContext.java:584)
	at org.springframework.boot.web.servlet.context.ServletWebServerApplicationContext.refresh(ServletWebServerApplicationContext.java:146)
	at org.springframework.boot.SpringApplication.refresh(SpringApplication.java:732)
	at org.springframework.boot.SpringApplication.refreshContext(SpringApplication.java:434)
	at org.springframework.boot.SpringApplication.run(SpringApplication.java:310)
	at org.springframework.boot.SpringApplication.run(SpringApplication.java:1304)
	at org.springframework.boot.SpringApplication.run(SpringApplication.java:1293)
	at com.example.adopet.AdopetApplication.main(AdopetApplication.java:10)
	at java.base/jdk.internal.reflect.NativeMethodAccessorImpl.invoke0(Native Method)
	at java.base/jdk.internal.reflect.NativeMethodAccessorImpl.invoke(NativeMethodAccessorImpl.java:77)
	at java.base/jdk.internal.reflect.DelegatingMethodAccessorImpl.invoke(DelegatingMethodAccessorImpl.java:43)
	at java.base/java.lang.reflect.Method.invoke(Method.java:568)
	at org.springframework.boot.devtools.restart.RestartLauncher.run(RestartLauncher.java:49)
Caused by: org.springframework.beans.factory.UnsatisfiedDependencyException: Error creating bean with name 'tutorService' defined in file [C:\Users\hugof\OneDrive\Documentos\projetos\java\adopet\target\classes\com\example\adopet\api\services\TutorService.class]: Unsatisfied dependency expressed through constructor parameter 0: Error creating bean with name 'tutorRepository' defined in com.example.adopet.api.repositories.TutorRepository defined in @EnableJpaRepositories declared on JpaRepositoriesRegistrar.EnableJpaRepositoriesConfiguration: Could not create query for public abstract java.util.List com.example.adopet.api.repositories.TutorRepository.findAllByAtivoTrue(); Reason: Failed to create query for method public abstract java.util.List com.example.adopet.api.repositories.TutorRepository.findAllByAtivoTrue(); No property 'ativo' found for type 'Tutor'
	at org.springframework.beans.factory.support.ConstructorResolver.createArgumentArray(ConstructorResolver.java:798)
	at org.springframework.beans.factory.support.ConstructorResolver.autowireConstructor(ConstructorResolver.java:245)
	at org.springframework.beans.factory.support.AbstractAutowireCapableBeanFactory.autowireConstructor(AbstractAutowireCapableBeanFactory.java:1352)
	at org.springframework.beans.factory.support.AbstractAutowireCapableBeanFactory.createBeanInstance(AbstractAutowireCapableBeanFactory.java:1189)
	at org.springframework.beans.factory.support.AbstractAutowireCapableBeanFactory.doCreateBean(AbstractAutowireCapableBeanFactory.java:560)
	at org.springframework.beans.factory.support.AbstractAutowireCapableBeanFactory.createBean(AbstractAutowireCapableBeanFactory.java:520)
	at org.springframework.beans.factory.support.AbstractBeanFactory.lambda$doGetBean$0(AbstractBeanFactory.java:326)
	at org.springframework.beans.factory.support.DefaultSingletonBeanRegistry.getSingleton(DefaultSingletonBeanRegistry.java:234)
	at org.springframework.beans.factory.support.AbstractBeanFactory.doGetBean(AbstractBeanFactory.java:324)
	at org.springframework.beans.factory.support.AbstractBeanFactory.getBean(AbstractBeanFactory.java:200)
	at org.springframework.beans.factory.config.DependencyDescriptor.resolveCandidate(DependencyDescriptor.java:254)
	at org.springframework.beans.factory.support.DefaultListableBeanFactory.doResolveDependency(DefaultListableBeanFactory.java:1417)
	at org.springframework.beans.factory.support.DefaultListableBeanFactory.resolveDependency(DefaultListableBeanFactory.java:1337)
	at org.springframework.beans.factory.support.ConstructorResolver.resolveAutowiredArgument(ConstructorResolver.java:885)
	at org.springframework.beans.factory.support.ConstructorResolver.createArgumentArray(ConstructorResolver.java:789)
	... 24 common frames omitted
Caused by: org.springframework.beans.factory.BeanCreationException: Error creating bean with name 'tutorRepository' defined in com.example.adopet.api.repositories.TutorRepository defined in @EnableJpaRepositories declared on JpaRepositoriesRegistrar.EnableJpaRepositoriesConfiguration: Could not create query for public abstract java.util.List com.example.adopet.api.repositories.TutorRepository.findAllByAtivoTrue(); Reason: Failed to create query for method public abstract java.util.List com.example.adopet.api.repositories.TutorRepository.findAllByAtivoTrue(); No property 'ativo' found for type 'Tutor'
	at org.springframework.beans.factory.support.AbstractAutowireCapableBeanFactory.initializeBean(AbstractAutowireCapableBeanFactory.java:1770)
	at org.springframework.beans.factory.support.AbstractAutowireCapableBeanFactory.doCreateBean(AbstractAutowireCapableBeanFactory.java:598)
	at org.springframework.beans.factory.support.AbstractAutowireCapableBeanFactory.createBean(AbstractAutowireCapableBeanFactory.java:520)
	at org.springframework.beans.factory.support.AbstractBeanFactory.lambda$doGetBean$0(AbstractBeanFactory.java:326)
	at org.springframework.beans.factory.support.DefaultSingletonBeanRegistry.getSingleton(DefaultSingletonBeanRegistry.java:234)
	at org.springframework.beans.factory.support.AbstractBeanFactory.doGetBean(AbstractBeanFactory.java:324)
	at org.springframework.beans.factory.support.AbstractBeanFactory.getBean(AbstractBeanFactory.java:200)
	at org.springframework.beans.factory.config.DependencyDescriptor.resolveCandidate(DependencyDescriptor.java:254)
	at org.springframework.beans.factory.support.DefaultListableBeanFactory.doResolveDependency(DefaultListableBeanFactory.java:1417)
	at org.springframework.beans.factory.support.DefaultListableBeanFactory.resolveDependency(DefaultListableBeanFactory.java:1337)
	at org.springframework.beans.factory.support.ConstructorResolver.resolveAutowiredArgument(ConstructorResolver.java:885)
	at org.springframework.beans.factory.support.ConstructorResolver.createArgumentArray(ConstructorResolver.java:789)
	... 38 common frames omitted
Caused by: org.springframework.data.repository.query.QueryCreationException: Could not create query for public abstract java.util.List com.example.adopet.api.repositories.TutorRepository.findAllByAtivoTrue(); Reason: Failed to create query for method public abstract java.util.List com.example.adopet.api.repositories.TutorRepository.findAllByAtivoTrue(); No property 'ativo' found for type 'Tutor'
	at org.springframework.data.repository.query.QueryCreationException.create(QueryCreationException.java:101)
	at org.springframework.data.repository.core.support.QueryExecutorMethodInterceptor.lookupQuery(QueryExecutorMethodInterceptor.java:115)
	at org.springframework.data.repository.core.support.QueryExecutorMethodInterceptor.mapMethodsToQuery(QueryExecutorMethodInterceptor.java:99)
	at org.springframework.data.repository.core.support.QueryExecutorMethodInterceptor.lambda$new$0(QueryExecutorMethodInterceptor.java:88)
	at java.base/java.util.Optional.map(Optional.java:260)
	at org.springframework.data.repository.core.support.QueryExecutorMethodInterceptor.<init>(QueryExecutorMethodInterceptor.java:88)
	at org.springframework.data.repository.core.support.RepositoryFactorySupport.getRepository(RepositoryFactorySupport.java:357)
	at org.springframework.data.repository.core.support.RepositoryFactoryBeanSupport.lambda$afterPropertiesSet$5(RepositoryFactoryBeanSupport.java:279)
	at org.springframework.data.util.Lazy.getNullable(Lazy.java:245)
	at org.springframework.data.util.Lazy.get(Lazy.java:114)
	at org.springframework.data.repository.core.support.RepositoryFactoryBeanSupport.afterPropertiesSet(RepositoryFactoryBeanSupport.java:285)
	at org.springframework.data.jpa.repository.support.JpaRepositoryFactoryBean.afterPropertiesSet(JpaRepositoryFactoryBean.java:132)
	at org.springframework.beans.factory.support.AbstractAutowireCapableBeanFactory.invokeInitMethods(AbstractAutowireCapableBeanFactory.java:1816)
	at org.springframework.beans.factory.support.AbstractAutowireCapableBeanFactory.initializeBean(AbstractAutowireCapableBeanFactory.java:1766)
	... 49 common frames omitted
Caused by: java.lang.IllegalArgumentException: Failed to create query for method public abstract java.util.List com.example.adopet.api.repositories.TutorRepository.findAllByAtivoTrue(); No property 'ativo' found for type 'Tutor'
	at org.springframework.data.jpa.repository.query.PartTreeJpaQuery.<init>(PartTreeJpaQuery.java:96)
	at org.springframework.data.jpa.repository.query.JpaQueryLookupStrategy$CreateQueryLookupStrategy.resolveQuery(JpaQueryLookupStrategy.java:124)
	at org.springframework.data.jpa.repository.query.JpaQueryLookupStrategy$CreateIfNotFoundQueryLookupStrategy.resolveQuery(JpaQueryLookupStrategy.java:258)
	at org.springframework.data.jpa.repository.query.JpaQueryLookupStrategy$AbstractQueryLookupStrategy.resolveQuery(JpaQueryLookupStrategy.java:95)
	at org.springframework.data.repository.core.support.QueryExecutorMethodInterceptor.lookupQuery(QueryExecutorMethodInterceptor.java:111)
	... 61 common frames omitted
Caused by: org.springframework.data.mapping.PropertyReferenceException: No property 'ativo' found for type 'Tutor'
	at org.springframework.data.mapping.PropertyPath.<init>(PropertyPath.java:90)
	at org.springframework.data.mapping.PropertyPath.create(PropertyPath.java:423)
	at org.springframework.data.mapping.PropertyPath.create(PropertyPath.java:399)
	at org.springframework.data.mapping.PropertyPath.lambda$from$0(PropertyPath.java:352)
	at java.base/java.util.concurrent.ConcurrentMap.computeIfAbsent(ConcurrentMap.java:330)
	at org.springframework.data.mapping.PropertyPath.from(PropertyPath.java:334)
	at org.springframework.data.mapping.PropertyPath.from(PropertyPath.java:317)
	at org.springframework.data.repository.query.parser.Part.<init>(Part.java:81)
	at org.springframework.data.repository.query.parser.PartTree$OrPart.lambda$new$0(PartTree.java:242)
	at java.base/java.util.stream.ReferencePipeline$3$1.accept(ReferencePipeline.java:197)
	at java.base/java.util.stream.ReferencePipeline$2$1.accept(ReferencePipeline.java:179)
	at java.base/java.util.Spliterators$ArraySpliterator.forEachRemaining(Spliterators.java:992)
	at java.base/java.util.stream.AbstractPipeline.copyInto(AbstractPipeline.java:509)
	at java.base/java.util.stream.AbstractPipeline.wrapAndCopyInto(AbstractPipeline.java:499)
	at java.base/java.util.stream.ReduceOps$ReduceOp.evaluateSequential(ReduceOps.java:921)
	at java.base/java.util.stream.AbstractPipeline.evaluate(AbstractPipeline.java:234)
	at java.base/java.util.stream.ReferencePipeline.collect(ReferencePipeline.java:682)
	at org.springframework.data.repository.query.parser.PartTree$OrPart.<init>(PartTree.java:243)
	at org.springframework.data.repository.query.parser.PartTree$Predicate.lambda$new$0(PartTree.java:372)
	at java.base/java.util.stream.ReferencePipeline$3$1.accept(ReferencePipeline.java:197)
	at java.base/java.util.stream.ReferencePipeline$2$1.accept(ReferencePipeline.java:179)
	at java.base/java.util.Spliterators$ArraySpliterator.forEachRemaining(Spliterators.java:992)
	at java.base/java.util.stream.AbstractPipeline.copyInto(AbstractPipeline.java:509)
	at java.base/java.util.stream.AbstractPipeline.wrapAndCopyInto(AbstractPipeline.java:499)
	at java.base/java.util.stream.ReduceOps$ReduceOp.evaluateSequential(ReduceOps.java:921)
	at java.base/java.util.stream.AbstractPipeline.evaluate(AbstractPipeline.java:234)
	at java.base/java.util.stream.ReferencePipeline.collect(ReferencePipeline.java:682)
	at org.springframework.data.repository.query.parser.PartTree$Predicate.<init>(PartTree.java:373)
	at org.springframework.data.repository.query.parser.PartTree.<init>(PartTree.java:96)
	at org.springframework.data.jpa.repository.query.PartTreeJpaQuery.<init>(PartTreeJpaQuery.java:89)
	... 65 common frames omitted
2023-04-10 22:00:50,626 INFO [background-preinit] org.hibernate.validator.internal.util.Version: HV000001: Hibernate Validator 8.0.0.Final
2023-04-10 22:00:50,680 INFO [restartedMain] org.springframework.boot.StartupInfoLogger: Starting AdopetApplication using Java 17.0.6 with PID 16308 (C:\Users\hugof\OneDrive\Documentos\projetos\java\adopet\target\classes started by hugof in C:\Users\hugof\OneDrive\Documentos\projetos\java\adopet)
2023-04-10 22:00:50,680 DEBUG [restartedMain] org.springframework.boot.StartupInfoLogger: Running with Spring Boot v3.0.5, Spring v6.0.7
2023-04-10 22:00:50,681 INFO [restartedMain] org.springframework.boot.SpringApplication: No active profile set, falling back to 1 default profile: "default"
2023-04-10 22:00:50,745 INFO [restartedMain] org.springframework.boot.logging.DeferredLog: Devtools property defaults active! Set 'spring.devtools.add-properties' to 'false' to disable
2023-04-10 22:00:50,745 INFO [restartedMain] org.springframework.boot.logging.DeferredLog: For additional web related logging consider setting the 'logging.level.web' property to 'DEBUG'
2023-04-10 22:00:51,617 INFO [restartedMain] org.springframework.data.repository.config.RepositoryConfigurationDelegate: Bootstrapping Spring Data JPA repositories in DEFAULT mode.
2023-04-10 22:00:51,697 INFO [restartedMain] org.springframework.data.repository.config.RepositoryConfigurationDelegate: Finished Spring Data repository scanning in 68 ms. Found 1 JPA repository interfaces.
2023-04-10 22:00:52,492 INFO [restartedMain] org.springframework.boot.web.embedded.tomcat.TomcatWebServer: Tomcat initialized with port(s): 8080 (http)
2023-04-10 22:00:52,506 INFO [restartedMain] org.apache.juli.logging.DirectJDKLog: Initializing ProtocolHandler ["http-nio-8080"]
2023-04-10 22:00:52,508 INFO [restartedMain] org.apache.juli.logging.DirectJDKLog: Starting service [Tomcat]
2023-04-10 22:00:52,508 INFO [restartedMain] org.apache.juli.logging.DirectJDKLog: Starting Servlet engine: [Apache Tomcat/10.1.7]
2023-04-10 22:00:52,596 INFO [restartedMain] org.apache.juli.logging.DirectJDKLog: Initializing Spring embedded WebApplicationContext
2023-04-10 22:00:52,597 INFO [restartedMain] org.springframework.boot.web.servlet.context.ServletWebServerApplicationContext: Root WebApplicationContext: initialization completed in 1850 ms
2023-04-10 22:00:52,819 INFO [restartedMain] org.flywaydb.core.internal.logging.slf4j.Slf4jLog: Flyway Community Edition 9.5.1 by Redgate
2023-04-10 22:00:52,819 INFO [restartedMain] org.flywaydb.core.internal.logging.slf4j.Slf4jLog: See what's new here: https://flywaydb.org/documentation/learnmore/releaseNotes#9.5.1
2023-04-10 22:00:52,819 INFO [restartedMain] org.flywaydb.core.internal.logging.slf4j.Slf4jLog: 
2023-04-10 22:00:52,832 INFO [restartedMain] com.zaxxer.hikari.HikariDataSource: HikariPool-1 - Starting...
2023-04-10 22:00:53,266 INFO [restartedMain] com.zaxxer.hikari.pool.HikariPool: HikariPool-1 - Added connection com.mysql.cj.jdbc.ConnectionImpl@66cf9fc
2023-04-10 22:00:53,269 INFO [restartedMain] com.zaxxer.hikari.HikariDataSource: HikariPool-1 - Start completed.
2023-04-10 22:00:53,319 INFO [restartedMain] org.flywaydb.core.internal.logging.slf4j.Slf4jLog: Database: jdbc:mysql://localhost/adopet (MySQL 8.0)
2023-04-10 22:00:53,366 INFO [restartedMain] org.flywaydb.core.internal.logging.slf4j.Slf4jLog: Successfully validated 1 migration (execution time 00:00.021s)
2023-04-10 22:00:53,389 INFO [restartedMain] org.flywaydb.core.internal.logging.slf4j.Slf4jLog: Creating Schema History table `adopet`.`flyway_schema_history` ...
2023-04-10 22:00:53,461 INFO [restartedMain] org.flywaydb.core.internal.logging.slf4j.Slf4jLog: Current version of schema `adopet`: << Empty Schema >>
2023-04-10 22:00:53,472 INFO [restartedMain] org.flywaydb.core.internal.logging.slf4j.Slf4jLog: Migrating schema `adopet` to version "1 - create-table-tbl-tutor"
2023-04-10 22:00:53,540 INFO [restartedMain] org.flywaydb.core.internal.logging.slf4j.Slf4jLog: Successfully applied 1 migration to schema `adopet`, now at version v1 (execution time 00:00.085s)
2023-04-10 22:00:53,665 INFO [restartedMain] org.hibernate.jpa.internal.util.LogHelper: HHH000204: Processing PersistenceUnitInfo [name: default]
2023-04-10 22:00:53,750 INFO [restartedMain] org.hibernate.Version: HHH000412: Hibernate ORM core version 6.1.7.Final
2023-04-10 22:00:54,214 INFO [restartedMain] org.hibernate.engine.jdbc.dialect.internal.DialectFactoryImpl: HHH000400: Using dialect: org.hibernate.dialect.MySQLDialect
2023-04-10 22:00:55,370 INFO [restartedMain] org.hibernate.engine.transaction.jta.platform.internal.JtaPlatformInitiator: HHH000490: Using JtaPlatform implementation: [org.hibernate.engine.transaction.jta.platform.internal.NoJtaPlatform]
2023-04-10 22:00:55,385 INFO [restartedMain] org.springframework.orm.jpa.AbstractEntityManagerFactoryBean: Initialized JPA EntityManagerFactory for persistence unit 'default'
2023-04-10 22:00:55,786 WARN [restartedMain] org.springframework.boot.autoconfigure.orm.jpa.JpaBaseConfiguration$JpaWebConfiguration: spring.jpa.open-in-view is enabled by default. Therefore, database queries may be performed during view rendering. Explicitly configure spring.jpa.open-in-view to disable this warning
2023-04-10 22:00:56,224 INFO [restartedMain] org.springframework.boot.devtools.autoconfigure.OptionalLiveReloadServer: LiveReload server is running on port 35729
2023-04-10 22:00:56,247 INFO [restartedMain] org.apache.juli.logging.DirectJDKLog: Starting ProtocolHandler ["http-nio-8080"]
2023-04-10 22:00:56,281 INFO [restartedMain] org.springframework.boot.web.embedded.tomcat.TomcatWebServer: Tomcat started on port(s): 8080 (http) with context path ''
2023-04-10 22:00:56,292 INFO [restartedMain] org.springframework.boot.StartupInfoLogger: Started AdopetApplication in 6.123 seconds (process running for 7.283)
2023-04-10 22:01:00,577 INFO [SpringApplicationShutdownHook] org.springframework.orm.jpa.AbstractEntityManagerFactoryBean: Closing JPA EntityManagerFactory for persistence unit 'default'
2023-04-10 22:01:00,582 INFO [SpringApplicationShutdownHook] com.zaxxer.hikari.HikariDataSource: HikariPool-1 - Shutdown initiated...
2023-04-10 22:01:00,588 INFO [SpringApplicationShutdownHook] com.zaxxer.hikari.HikariDataSource: HikariPool-1 - Shutdown completed.
2023-04-10 22:02:42,802 INFO [background-preinit] org.hibernate.validator.internal.util.Version: HV000001: Hibernate Validator 8.0.0.Final
2023-04-10 22:02:42,858 INFO [restartedMain] org.springframework.boot.StartupInfoLogger: Starting AdopetApplication using Java 17.0.6 with PID 16648 (C:\Users\hugof\OneDrive\Documentos\projetos\java\adopet\target\classes started by hugof in C:\Users\hugof\OneDrive\Documentos\projetos\java\adopet)
2023-04-10 22:02:42,859 DEBUG [restartedMain] org.springframework.boot.StartupInfoLogger: Running with Spring Boot v3.0.5, Spring v6.0.7
2023-04-10 22:02:42,860 INFO [restartedMain] org.springframework.boot.SpringApplication: No active profile set, falling back to 1 default profile: "default"
2023-04-10 22:02:42,923 INFO [restartedMain] org.springframework.boot.logging.DeferredLog: Devtools property defaults active! Set 'spring.devtools.add-properties' to 'false' to disable
2023-04-10 22:02:42,923 INFO [restartedMain] org.springframework.boot.logging.DeferredLog: For additional web related logging consider setting the 'logging.level.web' property to 'DEBUG'
2023-04-10 22:02:43,808 INFO [restartedMain] org.springframework.data.repository.config.RepositoryConfigurationDelegate: Bootstrapping Spring Data JPA repositories in DEFAULT mode.
2023-04-10 22:02:43,888 INFO [restartedMain] org.springframework.data.repository.config.RepositoryConfigurationDelegate: Finished Spring Data repository scanning in 69 ms. Found 1 JPA repository interfaces.
2023-04-10 22:02:44,622 INFO [restartedMain] org.springframework.boot.web.embedded.tomcat.TomcatWebServer: Tomcat initialized with port(s): 8080 (http)
2023-04-10 22:02:44,635 INFO [restartedMain] org.apache.juli.logging.DirectJDKLog: Initializing ProtocolHandler ["http-nio-8080"]
2023-04-10 22:02:44,636 INFO [restartedMain] org.apache.juli.logging.DirectJDKLog: Starting service [Tomcat]
2023-04-10 22:02:44,636 INFO [restartedMain] org.apache.juli.logging.DirectJDKLog: Starting Servlet engine: [Apache Tomcat/10.1.7]
2023-04-10 22:02:44,719 INFO [restartedMain] org.apache.juli.logging.DirectJDKLog: Initializing Spring embedded WebApplicationContext
2023-04-10 22:02:44,720 INFO [restartedMain] org.springframework.boot.web.servlet.context.ServletWebServerApplicationContext: Root WebApplicationContext: initialization completed in 1795 ms
2023-04-10 22:02:44,920 INFO [restartedMain] org.flywaydb.core.internal.logging.slf4j.Slf4jLog: Flyway Community Edition 9.5.1 by Redgate
2023-04-10 22:02:44,921 INFO [restartedMain] org.flywaydb.core.internal.logging.slf4j.Slf4jLog: See what's new here: https://flywaydb.org/documentation/learnmore/releaseNotes#9.5.1
2023-04-10 22:02:44,921 INFO [restartedMain] org.flywaydb.core.internal.logging.slf4j.Slf4jLog: 
2023-04-10 22:02:44,938 INFO [restartedMain] com.zaxxer.hikari.HikariDataSource: HikariPool-1 - Starting...
2023-04-10 22:02:45,359 INFO [restartedMain] com.zaxxer.hikari.pool.HikariPool: HikariPool-1 - Added connection com.mysql.cj.jdbc.ConnectionImpl@14e0fba3
2023-04-10 22:02:45,362 INFO [restartedMain] com.zaxxer.hikari.HikariDataSource: HikariPool-1 - Start completed.
2023-04-10 22:02:45,410 INFO [restartedMain] org.flywaydb.core.internal.logging.slf4j.Slf4jLog: Database: jdbc:mysql://localhost/adopet (MySQL 8.0)
2023-04-10 22:02:45,458 INFO [restartedMain] org.flywaydb.core.internal.logging.slf4j.Slf4jLog: Successfully validated 1 migration (execution time 00:00.021s)
2023-04-10 22:02:45,479 INFO [restartedMain] org.flywaydb.core.internal.logging.slf4j.Slf4jLog: Creating Schema History table `adopet`.`flyway_schema_history` ...
2023-04-10 22:02:45,552 INFO [restartedMain] org.flywaydb.core.internal.logging.slf4j.Slf4jLog: Current version of schema `adopet`: << Empty Schema >>
2023-04-10 22:02:45,563 INFO [restartedMain] org.flywaydb.core.internal.logging.slf4j.Slf4jLog: Migrating schema `adopet` to version "1 - create-table-tbl-tutor"
2023-04-10 22:02:45,619 INFO [restartedMain] org.flywaydb.core.internal.logging.slf4j.Slf4jLog: Successfully applied 1 migration to schema `adopet`, now at version v1 (execution time 00:00.073s)
2023-04-10 22:02:45,740 INFO [restartedMain] org.hibernate.jpa.internal.util.LogHelper: HHH000204: Processing PersistenceUnitInfo [name: default]
2023-04-10 22:02:45,830 INFO [restartedMain] org.hibernate.Version: HHH000412: Hibernate ORM core version 6.1.7.Final
2023-04-10 22:02:46,302 INFO [restartedMain] org.hibernate.engine.jdbc.dialect.internal.DialectFactoryImpl: HHH000400: Using dialect: org.hibernate.dialect.MySQLDialect
2023-04-10 22:02:47,478 INFO [restartedMain] org.hibernate.engine.transaction.jta.platform.internal.JtaPlatformInitiator: HHH000490: Using JtaPlatform implementation: [org.hibernate.engine.transaction.jta.platform.internal.NoJtaPlatform]
2023-04-10 22:02:47,495 INFO [restartedMain] org.springframework.orm.jpa.AbstractEntityManagerFactoryBean: Initialized JPA EntityManagerFactory for persistence unit 'default'
2023-04-10 22:02:47,926 WARN [restartedMain] org.springframework.boot.autoconfigure.orm.jpa.JpaBaseConfiguration$JpaWebConfiguration: spring.jpa.open-in-view is enabled by default. Therefore, database queries may be performed during view rendering. Explicitly configure spring.jpa.open-in-view to disable this warning
2023-04-10 22:02:48,344 INFO [restartedMain] org.springframework.boot.devtools.autoconfigure.OptionalLiveReloadServer: LiveReload server is running on port 35729
2023-04-10 22:02:48,366 INFO [restartedMain] org.apache.juli.logging.DirectJDKLog: Starting ProtocolHandler ["http-nio-8080"]
2023-04-10 22:02:48,393 INFO [restartedMain] org.springframework.boot.web.embedded.tomcat.TomcatWebServer: Tomcat started on port(s): 8080 (http) with context path ''
2023-04-10 22:02:48,404 INFO [restartedMain] org.springframework.boot.StartupInfoLogger: Started AdopetApplication in 6.057 seconds (process running for 7.166)
2023-04-10 22:05:05,816 INFO [http-nio-8080-exec-1] org.apache.juli.logging.DirectJDKLog: Initializing Spring DispatcherServlet 'dispatcherServlet'
2023-04-10 22:05:05,817 INFO [http-nio-8080-exec-1] org.springframework.web.servlet.FrameworkServlet: Initializing Servlet 'dispatcherServlet'
2023-04-10 22:05:05,819 INFO [http-nio-8080-exec-1] org.springframework.web.servlet.FrameworkServlet: Completed initialization in 1 ms
2023-04-10 22:05:06,099 WARN [http-nio-8080-exec-1] org.springframework.web.servlet.handler.AbstractHandlerExceptionResolver: Resolved [org.springframework.web.bind.MethodArgumentNotValidException: Validation failed for argument [0] in public org.springframework.http.ResponseEntity com.example.adopet.api.controller.TutoresController.save(com.example.adopet.api.dto.Tutor.DadosCadastroTutor,org.springframework.web.util.UriComponentsBuilder) with 2 errors: [Field error in object 'dadosCadastroTutor' on field 'sobre': rejected value [null]; codes [NotBlank.dadosCadastroTutor.sobre,NotBlank.sobre,NotBlank.java.lang.String,NotBlank]; arguments [org.springframework.context.support.DefaultMessageSourceResolvable: codes [dadosCadastroTutor.sobre,sobre]; arguments []; default message [sobre]]; default message [A descrição sobre é obrigatória]] [Field error in object 'dadosCadastroTutor' on field 'cidade': rejected value [null]; codes [NotBlank.dadosCadastroTutor.cidade,NotBlank.cidade,NotBlank.java.lang.String,NotBlank]; arguments [org.springframework.context.support.DefaultMessageSourceResolvable: codes [dadosCadastroTutor.cidade,cidade]; arguments []; default message [cidade]]; default message [A cidade é obrigatória]] ]
2023-04-10 22:07:29,356 INFO [http-nio-8080-exec-4] com.example.adopet.api.services.TutorService: Criando um novo tutor Jéssica Sousa Borges
2023-04-10 22:10:45,197 WARN [http-nio-8080-exec-2] org.springframework.web.servlet.handler.AbstractHandlerExceptionResolver: Resolved [com.example.adopet.api.services.exceptions.ResourceEmptyException: Nenhum registro encontrado.]
2023-04-10 22:10:51,358 INFO [http-nio-8080-exec-3] com.example.adopet.api.services.TutorService: Criando um novo tutor Jéssica Sousa Borges
2023-04-10 22:11:34,351 WARN [http-nio-8080-exec-5] org.springframework.web.servlet.handler.AbstractHandlerExceptionResolver: Resolved [com.example.adopet.api.exceptions.ResourceNotFoundException: Não encontrado. Id 1]
2023-04-10 22:15:20,592 INFO [SpringApplicationShutdownHook] org.springframework.orm.jpa.AbstractEntityManagerFactoryBean: Closing JPA EntityManagerFactory for persistence unit 'default'
2023-04-10 22:15:20,597 INFO [SpringApplicationShutdownHook] com.zaxxer.hikari.HikariDataSource: HikariPool-1 - Shutdown initiated...
2023-04-10 22:15:20,603 INFO [SpringApplicationShutdownHook] com.zaxxer.hikari.HikariDataSource: HikariPool-1 - Shutdown completed.
2023-04-10 22:20:27,683 INFO [background-preinit] org.hibernate.validator.internal.util.Version: HV000001: Hibernate Validator 8.0.0.Final
2023-04-10 22:20:27,742 INFO [restartedMain] org.springframework.boot.StartupInfoLogger: Starting AdopetApplication using Java 17.0.6 with PID 1324 (C:\Users\hugof\OneDrive\Documentos\projetos\java\adopet\target\classes started by hugof in C:\Users\hugof\OneDrive\Documentos\projetos\java\adopet)
2023-04-10 22:20:27,743 DEBUG [restartedMain] org.springframework.boot.StartupInfoLogger: Running with Spring Boot v3.0.5, Spring v6.0.7
2023-04-10 22:20:27,744 INFO [restartedMain] org.springframework.boot.SpringApplication: No active profile set, falling back to 1 default profile: "default"
2023-04-10 22:20:27,809 INFO [restartedMain] org.springframework.boot.logging.DeferredLog: Devtools property defaults active! Set 'spring.devtools.add-properties' to 'false' to disable
2023-04-10 22:20:27,810 INFO [restartedMain] org.springframework.boot.logging.DeferredLog: For additional web related logging consider setting the 'logging.level.web' property to 'DEBUG'
2023-04-10 22:20:28,859 INFO [restartedMain] org.springframework.data.repository.config.RepositoryConfigurationDelegate: Bootstrapping Spring Data JPA repositories in DEFAULT mode.
2023-04-10 22:20:28,942 INFO [restartedMain] org.springframework.data.repository.config.RepositoryConfigurationDelegate: Finished Spring Data repository scanning in 71 ms. Found 1 JPA repository interfaces.
2023-04-10 22:20:29,733 INFO [restartedMain] org.springframework.boot.web.embedded.tomcat.TomcatWebServer: Tomcat initialized with port(s): 8080 (http)
2023-04-10 22:20:29,746 INFO [restartedMain] org.apache.juli.logging.DirectJDKLog: Initializing ProtocolHandler ["http-nio-8080"]
2023-04-10 22:20:29,747 INFO [restartedMain] org.apache.juli.logging.DirectJDKLog: Starting service [Tomcat]
2023-04-10 22:20:29,747 INFO [restartedMain] org.apache.juli.logging.DirectJDKLog: Starting Servlet engine: [Apache Tomcat/10.1.7]
2023-04-10 22:20:29,841 INFO [restartedMain] org.apache.juli.logging.DirectJDKLog: Initializing Spring embedded WebApplicationContext
2023-04-10 22:20:29,842 INFO [restartedMain] org.springframework.boot.web.servlet.context.ServletWebServerApplicationContext: Root WebApplicationContext: initialization completed in 2030 ms
2023-04-10 22:20:30,058 INFO [restartedMain] org.flywaydb.core.internal.logging.slf4j.Slf4jLog: Flyway Community Edition 9.5.1 by Redgate
2023-04-10 22:20:30,058 INFO [restartedMain] org.flywaydb.core.internal.logging.slf4j.Slf4jLog: See what's new here: https://flywaydb.org/documentation/learnmore/releaseNotes#9.5.1
2023-04-10 22:20:30,058 INFO [restartedMain] org.flywaydb.core.internal.logging.slf4j.Slf4jLog: 
2023-04-10 22:20:30,072 INFO [restartedMain] com.zaxxer.hikari.HikariDataSource: HikariPool-1 - Starting...
2023-04-10 22:20:30,503 INFO [restartedMain] com.zaxxer.hikari.pool.HikariPool: HikariPool-1 - Added connection com.mysql.cj.jdbc.ConnectionImpl@4727d4ed
2023-04-10 22:20:30,506 INFO [restartedMain] com.zaxxer.hikari.HikariDataSource: HikariPool-1 - Start completed.
2023-04-10 22:20:30,556 INFO [restartedMain] org.flywaydb.core.internal.logging.slf4j.Slf4jLog: Database: jdbc:mysql://localhost/adopet (MySQL 8.0)
2023-04-10 22:20:30,612 INFO [restartedMain] org.flywaydb.core.internal.logging.slf4j.Slf4jLog: Successfully validated 1 migration (execution time 00:00.030s)
2023-04-10 22:20:30,630 INFO [restartedMain] org.flywaydb.core.internal.logging.slf4j.Slf4jLog: Current version of schema `adopet`: 1
2023-04-10 22:20:30,631 INFO [restartedMain] org.flywaydb.core.internal.logging.slf4j.Slf4jLog: Schema `adopet` is up to date. No migration necessary.
2023-04-10 22:20:30,766 INFO [restartedMain] org.hibernate.jpa.internal.util.LogHelper: HHH000204: Processing PersistenceUnitInfo [name: default]
2023-04-10 22:20:30,863 INFO [restartedMain] org.hibernate.Version: HHH000412: Hibernate ORM core version 6.1.7.Final
2023-04-10 22:20:31,328 INFO [restartedMain] org.hibernate.engine.jdbc.dialect.internal.DialectFactoryImpl: HHH000400: Using dialect: org.hibernate.dialect.MySQLDialect
2023-04-10 22:20:32,474 INFO [restartedMain] org.hibernate.engine.transaction.jta.platform.internal.JtaPlatformInitiator: HHH000490: Using JtaPlatform implementation: [org.hibernate.engine.transaction.jta.platform.internal.NoJtaPlatform]
2023-04-10 22:20:32,489 INFO [restartedMain] org.springframework.orm.jpa.AbstractEntityManagerFactoryBean: Initialized JPA EntityManagerFactory for persistence unit 'default'
2023-04-10 22:20:33,012 WARN [restartedMain] org.springframework.boot.autoconfigure.orm.jpa.JpaBaseConfiguration$JpaWebConfiguration: spring.jpa.open-in-view is enabled by default. Therefore, database queries may be performed during view rendering. Explicitly configure spring.jpa.open-in-view to disable this warning
2023-04-10 22:20:33,982 INFO [restartedMain] org.springframework.boot.devtools.autoconfigure.OptionalLiveReloadServer: LiveReload server is running on port 35729
2023-04-10 22:20:34,007 INFO [restartedMain] org.apache.juli.logging.DirectJDKLog: Starting ProtocolHandler ["http-nio-8080"]
2023-04-10 22:20:34,037 INFO [restartedMain] org.springframework.boot.web.embedded.tomcat.TomcatWebServer: Tomcat started on port(s): 8080 (http) with context path ''
2023-04-10 22:20:34,049 INFO [restartedMain] org.springframework.boot.StartupInfoLogger: Started AdopetApplication in 6.809 seconds (process running for 7.927)
2023-04-10 22:21:30,336 INFO [http-nio-8080-exec-1] org.apache.juli.logging.DirectJDKLog: Initializing Spring DispatcherServlet 'dispatcherServlet'
2023-04-10 22:21:30,337 INFO [http-nio-8080-exec-1] org.springframework.web.servlet.FrameworkServlet: Initializing Servlet 'dispatcherServlet'
2023-04-10 22:21:30,338 INFO [http-nio-8080-exec-1] org.springframework.web.servlet.FrameworkServlet: Completed initialization in 1 ms
2023-04-10 22:21:31,245 INFO [http-nio-8080-exec-9] org.springdoc.api.AbstractOpenApiResource: Init duration for springdoc-openapi is: 366 ms
2023-04-10 22:23:15,958 INFO [SpringApplicationShutdownHook] org.springframework.orm.jpa.AbstractEntityManagerFactoryBean: Closing JPA EntityManagerFactory for persistence unit 'default'
2023-04-10 22:23:15,962 INFO [SpringApplicationShutdownHook] com.zaxxer.hikari.HikariDataSource: HikariPool-1 - Shutdown initiated...
2023-04-10 22:23:15,969 INFO [SpringApplicationShutdownHook] com.zaxxer.hikari.HikariDataSource: HikariPool-1 - Shutdown completed.
2023-04-10 22:23:21,874 INFO [background-preinit] org.hibernate.validator.internal.util.Version: HV000001: Hibernate Validator 8.0.0.Final
2023-04-10 22:23:21,931 INFO [restartedMain] org.springframework.boot.StartupInfoLogger: Starting AdopetApplication using Java 17.0.6 with PID 18064 (C:\Users\hugof\OneDrive\Documentos\projetos\java\adopet\target\classes started by hugof in C:\Users\hugof\OneDrive\Documentos\projetos\java\adopet)
2023-04-10 22:23:21,931 DEBUG [restartedMain] org.springframework.boot.StartupInfoLogger: Running with Spring Boot v3.0.5, Spring v6.0.7
2023-04-10 22:23:21,932 INFO [restartedMain] org.springframework.boot.SpringApplication: No active profile set, falling back to 1 default profile: "default"
2023-04-10 22:23:21,997 INFO [restartedMain] org.springframework.boot.logging.DeferredLog: Devtools property defaults active! Set 'spring.devtools.add-properties' to 'false' to disable
2023-04-10 22:23:21,997 INFO [restartedMain] org.springframework.boot.logging.DeferredLog: For additional web related logging consider setting the 'logging.level.web' property to 'DEBUG'
2023-04-10 22:23:23,049 INFO [restartedMain] org.springframework.data.repository.config.RepositoryConfigurationDelegate: Bootstrapping Spring Data JPA repositories in DEFAULT mode.
2023-04-10 22:23:23,133 INFO [restartedMain] org.springframework.data.repository.config.RepositoryConfigurationDelegate: Finished Spring Data repository scanning in 73 ms. Found 1 JPA repository interfaces.
2023-04-10 22:23:23,934 INFO [restartedMain] org.springframework.boot.web.embedded.tomcat.TomcatWebServer: Tomcat initialized with port(s): 8080 (http)
2023-04-10 22:23:23,947 INFO [restartedMain] org.apache.juli.logging.DirectJDKLog: Initializing ProtocolHandler ["http-nio-8080"]
2023-04-10 22:23:23,949 INFO [restartedMain] org.apache.juli.logging.DirectJDKLog: Starting service [Tomcat]
2023-04-10 22:23:23,950 INFO [restartedMain] org.apache.juli.logging.DirectJDKLog: Starting Servlet engine: [Apache Tomcat/10.1.7]
2023-04-10 22:23:24,045 INFO [restartedMain] org.apache.juli.logging.DirectJDKLog: Initializing Spring embedded WebApplicationContext
2023-04-10 22:23:24,046 INFO [restartedMain] org.springframework.boot.web.servlet.context.ServletWebServerApplicationContext: Root WebApplicationContext: initialization completed in 2048 ms
2023-04-10 22:23:24,272 INFO [restartedMain] org.flywaydb.core.internal.logging.slf4j.Slf4jLog: Flyway Community Edition 9.5.1 by Redgate
2023-04-10 22:23:24,273 INFO [restartedMain] org.flywaydb.core.internal.logging.slf4j.Slf4jLog: See what's new here: https://flywaydb.org/documentation/learnmore/releaseNotes#9.5.1
2023-04-10 22:23:24,273 INFO [restartedMain] org.flywaydb.core.internal.logging.slf4j.Slf4jLog: 
2023-04-10 22:23:24,287 INFO [restartedMain] com.zaxxer.hikari.HikariDataSource: HikariPool-1 - Starting...
2023-04-10 22:23:24,758 INFO [restartedMain] com.zaxxer.hikari.pool.HikariPool: HikariPool-1 - Added connection com.mysql.cj.jdbc.ConnectionImpl@72f5107f
2023-04-10 22:23:24,761 INFO [restartedMain] com.zaxxer.hikari.HikariDataSource: HikariPool-1 - Start completed.
2023-04-10 22:23:24,812 INFO [restartedMain] org.flywaydb.core.internal.logging.slf4j.Slf4jLog: Database: jdbc:mysql://localhost/adopet (MySQL 8.0)
2023-04-10 22:23:24,871 INFO [restartedMain] org.flywaydb.core.internal.logging.slf4j.Slf4jLog: Successfully validated 1 migration (execution time 00:00.031s)
2023-04-10 22:23:24,888 INFO [restartedMain] org.flywaydb.core.internal.logging.slf4j.Slf4jLog: Current version of schema `adopet`: 1
2023-04-10 22:23:24,889 INFO [restartedMain] org.flywaydb.core.internal.logging.slf4j.Slf4jLog: Schema `adopet` is up to date. No migration necessary.
2023-04-10 22:23:25,035 INFO [restartedMain] org.hibernate.jpa.internal.util.LogHelper: HHH000204: Processing PersistenceUnitInfo [name: default]
2023-04-10 22:23:25,137 INFO [restartedMain] org.hibernate.Version: HHH000412: Hibernate ORM core version 6.1.7.Final
2023-04-10 22:23:25,630 INFO [restartedMain] org.hibernate.engine.jdbc.dialect.internal.DialectFactoryImpl: HHH000400: Using dialect: org.hibernate.dialect.MySQLDialect
2023-04-10 22:23:26,780 INFO [restartedMain] org.hibernate.engine.transaction.jta.platform.internal.JtaPlatformInitiator: HHH000490: Using JtaPlatform implementation: [org.hibernate.engine.transaction.jta.platform.internal.NoJtaPlatform]
2023-04-10 22:23:26,795 INFO [restartedMain] org.springframework.orm.jpa.AbstractEntityManagerFactoryBean: Initialized JPA EntityManagerFactory for persistence unit 'default'
2023-04-10 22:23:27,310 WARN [restartedMain] org.springframework.boot.autoconfigure.orm.jpa.JpaBaseConfiguration$JpaWebConfiguration: spring.jpa.open-in-view is enabled by default. Therefore, database queries may be performed during view rendering. Explicitly configure spring.jpa.open-in-view to disable this warning
2023-04-10 22:23:28,248 INFO [restartedMain] org.springframework.boot.devtools.autoconfigure.OptionalLiveReloadServer: LiveReload server is running on port 35729
2023-04-10 22:23:28,274 INFO [restartedMain] org.apache.juli.logging.DirectJDKLog: Starting ProtocolHandler ["http-nio-8080"]
2023-04-10 22:23:28,305 INFO [restartedMain] org.springframework.boot.web.embedded.tomcat.TomcatWebServer: Tomcat started on port(s): 8080 (http) with context path ''
2023-04-10 22:23:28,317 INFO [restartedMain] org.springframework.boot.StartupInfoLogger: Started AdopetApplication in 6.937 seconds (process running for 8.07)
2023-04-10 22:23:32,720 INFO [http-nio-8080-exec-1] org.apache.juli.logging.DirectJDKLog: Initializing Spring DispatcherServlet 'dispatcherServlet'
2023-04-10 22:23:32,721 INFO [http-nio-8080-exec-1] org.springframework.web.servlet.FrameworkServlet: Initializing Servlet 'dispatcherServlet'
2023-04-10 22:23:32,723 INFO [http-nio-8080-exec-1] org.springframework.web.servlet.FrameworkServlet: Completed initialization in 1 ms
2023-04-10 22:23:33,319 INFO [http-nio-8080-exec-4] org.springdoc.api.AbstractOpenApiResource: Init duration for springdoc-openapi is: 360 ms
2023-04-10 22:50:46,978 INFO [SpringApplicationShutdownHook] org.springframework.orm.jpa.AbstractEntityManagerFactoryBean: Closing JPA EntityManagerFactory for persistence unit 'default'
2023-04-10 22:50:46,983 INFO [SpringApplicationShutdownHook] com.zaxxer.hikari.HikariDataSource: HikariPool-1 - Shutdown initiated...
2023-04-10 22:50:46,990 INFO [SpringApplicationShutdownHook] com.zaxxer.hikari.HikariDataSource: HikariPool-1 - Shutdown completed.
2023-04-10 23:45:47,642 INFO [background-preinit] org.hibernate.validator.internal.util.Version: HV000001: Hibernate Validator 8.0.0.Final
2023-04-10 23:45:47,704 INFO [restartedMain] org.springframework.boot.StartupInfoLogger: Starting AdopetApplication using Java 17.0.6 with PID 7324 (C:\Users\hugof\OneDrive\Documentos\projetos\java\adopet\target\classes started by hugof in C:\Users\hugof\OneDrive\Documentos\projetos\java\adopet)
2023-04-10 23:45:47,705 DEBUG [restartedMain] org.springframework.boot.StartupInfoLogger: Running with Spring Boot v3.0.5, Spring v6.0.7
2023-04-10 23:45:47,706 INFO [restartedMain] org.springframework.boot.SpringApplication: No active profile set, falling back to 1 default profile: "default"
2023-04-10 23:45:47,780 INFO [restartedMain] org.springframework.boot.logging.DeferredLog: Devtools property defaults active! Set 'spring.devtools.add-properties' to 'false' to disable
2023-04-10 23:45:47,781 INFO [restartedMain] org.springframework.boot.logging.DeferredLog: For additional web related logging consider setting the 'logging.level.web' property to 'DEBUG'
2023-04-10 23:45:48,847 INFO [restartedMain] org.springframework.data.repository.config.RepositoryConfigurationDelegate: Bootstrapping Spring Data JPA repositories in DEFAULT mode.
2023-04-10 23:45:48,935 INFO [restartedMain] org.springframework.data.repository.config.RepositoryConfigurationDelegate: Finished Spring Data repository scanning in 75 ms. Found 2 JPA repository interfaces.
2023-04-10 23:45:49,706 INFO [restartedMain] org.springframework.boot.web.embedded.tomcat.TomcatWebServer: Tomcat initialized with port(s): 8080 (http)
2023-04-10 23:45:49,718 INFO [restartedMain] org.apache.juli.logging.DirectJDKLog: Initializing ProtocolHandler ["http-nio-8080"]
2023-04-10 23:45:49,719 INFO [restartedMain] org.apache.juli.logging.DirectJDKLog: Starting service [Tomcat]
2023-04-10 23:45:49,720 INFO [restartedMain] org.apache.juli.logging.DirectJDKLog: Starting Servlet engine: [Apache Tomcat/10.1.7]
2023-04-10 23:45:49,807 INFO [restartedMain] org.apache.juli.logging.DirectJDKLog: Initializing Spring embedded WebApplicationContext
2023-04-10 23:45:49,808 INFO [restartedMain] org.springframework.boot.web.servlet.context.ServletWebServerApplicationContext: Root WebApplicationContext: initialization completed in 2026 ms
2023-04-10 23:45:50,005 INFO [restartedMain] org.flywaydb.core.internal.logging.slf4j.Slf4jLog: Flyway Community Edition 9.5.1 by Redgate
2023-04-10 23:45:50,005 INFO [restartedMain] org.flywaydb.core.internal.logging.slf4j.Slf4jLog: See what's new here: https://flywaydb.org/documentation/learnmore/releaseNotes#9.5.1
2023-04-10 23:45:50,006 INFO [restartedMain] org.flywaydb.core.internal.logging.slf4j.Slf4jLog: 
2023-04-10 23:45:50,019 INFO [restartedMain] com.zaxxer.hikari.HikariDataSource: HikariPool-1 - Starting...
2023-04-10 23:45:50,443 INFO [restartedMain] com.zaxxer.hikari.pool.HikariPool: HikariPool-1 - Added connection com.mysql.cj.jdbc.ConnectionImpl@5a23bcd9
2023-04-10 23:45:50,446 INFO [restartedMain] com.zaxxer.hikari.HikariDataSource: HikariPool-1 - Start completed.
2023-04-10 23:45:50,494 INFO [restartedMain] org.flywaydb.core.internal.logging.slf4j.Slf4jLog: Database: jdbc:mysql://localhost/adopet (MySQL 8.0)
2023-04-10 23:45:50,549 INFO [restartedMain] org.flywaydb.core.internal.logging.slf4j.Slf4jLog: Successfully validated 2 migrations (execution time 00:00.023s)
2023-04-10 23:45:50,578 INFO [restartedMain] org.flywaydb.core.internal.logging.slf4j.Slf4jLog: Creating Schema History table `adopet`.`flyway_schema_history` ...
2023-04-10 23:45:50,658 INFO [restartedMain] org.flywaydb.core.internal.logging.slf4j.Slf4jLog: Current version of schema `adopet`: << Empty Schema >>
2023-04-10 23:45:50,668 INFO [restartedMain] org.flywaydb.core.internal.logging.slf4j.Slf4jLog: Migrating schema `adopet` to version "1 - create-table-tbl-tutor"
2023-04-10 23:45:50,739 INFO [restartedMain] org.flywaydb.core.internal.logging.slf4j.Slf4jLog: Migrating schema `adopet` to version "2 - create-table-tbl-abrigo"
2023-04-10 23:45:50,781 INFO [restartedMain] org.flywaydb.core.internal.logging.slf4j.Slf4jLog: Successfully applied 2 migrations to schema `adopet`, now at version v2 (execution time 00:00.130s)
2023-04-10 23:45:50,898 INFO [restartedMain] org.hibernate.jpa.internal.util.LogHelper: HHH000204: Processing PersistenceUnitInfo [name: default]
2023-04-10 23:45:50,979 INFO [restartedMain] org.hibernate.Version: HHH000412: Hibernate ORM core version 6.1.7.Final
2023-04-10 23:45:51,457 INFO [restartedMain] org.hibernate.engine.jdbc.dialect.internal.DialectFactoryImpl: HHH000400: Using dialect: org.hibernate.dialect.MySQLDialect
2023-04-10 23:45:52,662 INFO [restartedMain] org.hibernate.engine.transaction.jta.platform.internal.JtaPlatformInitiator: HHH000490: Using JtaPlatform implementation: [org.hibernate.engine.transaction.jta.platform.internal.NoJtaPlatform]
2023-04-10 23:45:52,678 INFO [restartedMain] org.springframework.orm.jpa.AbstractEntityManagerFactoryBean: Initialized JPA EntityManagerFactory for persistence unit 'default'
2023-04-10 23:45:53,267 WARN [restartedMain] org.springframework.boot.autoconfigure.orm.jpa.JpaBaseConfiguration$JpaWebConfiguration: spring.jpa.open-in-view is enabled by default. Therefore, database queries may be performed during view rendering. Explicitly configure spring.jpa.open-in-view to disable this warning
2023-04-10 23:45:54,236 INFO [restartedMain] org.springframework.boot.devtools.autoconfigure.OptionalLiveReloadServer: LiveReload server is running on port 35729
2023-04-10 23:45:54,261 INFO [restartedMain] org.apache.juli.logging.DirectJDKLog: Starting ProtocolHandler ["http-nio-8080"]
2023-04-10 23:45:54,291 INFO [restartedMain] org.springframework.boot.web.embedded.tomcat.TomcatWebServer: Tomcat started on port(s): 8080 (http) with context path ''
2023-04-10 23:45:54,303 INFO [restartedMain] org.springframework.boot.StartupInfoLogger: Started AdopetApplication in 7.162 seconds (process running for 8.457)
2023-04-10 23:46:03,540 INFO [http-nio-8080-exec-1] org.apache.juli.logging.DirectJDKLog: Initializing Spring DispatcherServlet 'dispatcherServlet'
2023-04-10 23:46:03,541 INFO [http-nio-8080-exec-1] org.springframework.web.servlet.FrameworkServlet: Initializing Servlet 'dispatcherServlet'
2023-04-10 23:46:03,542 INFO [http-nio-8080-exec-1] org.springframework.web.servlet.FrameworkServlet: Completed initialization in 1 ms
2023-04-10 23:46:03,776 INFO [http-nio-8080-exec-1] com.example.adopet.api.services.TutorService: Criando um novo tutor Jéssica Sousa Borges
2023-04-10 23:49:39,606 INFO [http-nio-8080-exec-5] com.example.adopet.api.services.AbrigoService: Criando um novo abrigo Complexo Parque do Sabiá
